Using pre-set license
Built from '2022.3/staging' branch; Version is '2022.3.43f1 (85497d293fa1) revision 8735101'; Using compiler version '192829333'; Build Type 'Release'
OS: 'Windows 10  (10.0.19045) 64bit Professional' Language: 'zh' Physical Memory: 32454 MB
BatchMode: 1, IsHumanControllingUs: 0, StartBugReporterOnCrash: 0, Is64bit: 1, IsPro: 1

COMMAND LINE ARGUMENTS:
C:\Program Files\Unity\Hub\Editor\2022.3.43f1\Editor\Unity.exe
-adb2
-batchMode
-noUpm
-name
AssetImportWorker3
-projectPath
C:/Users/user/Desktop/FPS-Practice/FPS
-logFile
Logs/AssetImportWorker3.log
-srvPort
2703
Successfully changed project path to: C:/Users/user/Desktop/FPS-Practice/FPS
C:/Users/user/Desktop/FPS-Practice/FPS
[UnityMemory] Configuration Parameters - Can be set up in boot.config
    "memorysetup-bucket-allocator-granularity=16"
    "memorysetup-bucket-allocator-bucket-count=8"
    "memorysetup-bucket-allocator-block-size=33554432"
    "memorysetup-bucket-allocator-block-count=8"
    "memorysetup-main-allocator-block-size=16777216"
    "memorysetup-thread-allocator-block-size=16777216"
    "memorysetup-gfx-main-allocator-block-size=16777216"
    "memorysetup-gfx-thread-allocator-block-size=16777216"
    "memorysetup-cache-allocator-block-size=4194304"
    "memorysetup-typetree-allocator-block-size=2097152"
    "memorysetup-profiler-bucket-allocator-granularity=16"
    "memorysetup-profiler-bucket-allocator-bucket-count=8"
    "memorysetup-profiler-bucket-allocator-block-size=33554432"
    "memorysetup-profiler-bucket-allocator-block-count=8"
    "memorysetup-profiler-allocator-block-size=16777216"
    "memorysetup-profiler-editor-allocator-block-size=1048576"
    "memorysetup-temp-allocator-size-main=16777216"
    "memorysetup-job-temp-allocator-block-size=2097152"
    "memorysetup-job-temp-allocator-block-size-background=1048576"
    "memorysetup-job-temp-allocator-reduction-small-platforms=262144"
    "memorysetup-allocator-temp-initial-block-size-main=262144"
    "memorysetup-allocator-temp-initial-block-size-worker=262144"
    "memorysetup-temp-allocator-size-background-worker=32768"
    "memorysetup-temp-allocator-size-job-worker=262144"
    "memorysetup-temp-allocator-size-preload-manager=33554432"
    "memorysetup-temp-allocator-size-nav-mesh-worker=65536"
    "memorysetup-temp-allocator-size-audio-worker=65536"
    "memorysetup-temp-allocator-size-cloud-worker=32768"
    "memorysetup-temp-allocator-size-gi-baking-worker=262144"
    "memorysetup-temp-allocator-size-gfx=262144"
Player connection [6828]  Target information:

Player connection [6828]  * "[IP] 120.108.152.105 [Port] 0 [Flags] 2 [Guid] 4103600037 [EditorId] 4103600037 [Version] 1048832 [Id] WindowsEditor(7,SYB101-41) [Debug] 1 [PackageName] WindowsEditor [ProjectName] Editor" 

Player connection [6828] Host joined multi-casting on [225.0.0.222:54997]...
Player connection [6828] Host joined alternative multi-casting on [225.0.0.222:34997]...
[PhysX] Initialized MultithreadedTaskDispatcher with 20 workers.
Refreshing native plugins compatible for Editor in 16.61 ms, found 3 plugins.
Preloading 0 native plugins for Editor in 0.00 ms.
Initialize engine version: 2022.3.43f1 (85497d293fa1)
[Subsystems] Discovering subsystems at path C:/Program Files/Unity/Hub/Editor/2022.3.43f1/Editor/Data/Resources/UnitySubsystems
[Subsystems] Discovering subsystems at path C:/Users/user/Desktop/FPS-Practice/FPS/Assets
GfxDevice: creating device client; threaded=0; jobified=0
Direct3D:
    Version:  Direct3D 11.0 [level 11.1]
    Renderer: NVIDIA GeForce RTX 3060 (ID=0x2487)
    Vendor:   NVIDIA
    VRAM:     12110 MB
    Driver:   32.0.15.6081
Initialize mono
Mono path[0] = 'C:/Program Files/Unity/Hub/Editor/2022.3.43f1/Editor/Data/Managed'
Mono path[1] = 'C:/Program Files/Unity/Hub/Editor/2022.3.43f1/Editor/Data/MonoBleedingEdge/lib/mono/unityjit-win32'
Mono config path = 'C:/Program Files/Unity/Hub/Editor/2022.3.43f1/Editor/Data/MonoBleedingEdge/etc'
Using monoOptions --debugger-agent=transport=dt_socket,embedding=1,server=y,suspend=n,address=127.0.0.1:56476
Begin MonoManager ReloadAssembly
Registering precompiled unity dll's ...
Register platform support module: C:/Program Files/Unity/Hub/Editor/2022.3.43f1/Editor/Data/PlaybackEngines/WebGLSupport/UnityEditor.WebGL.Extensions.dll
Register platform support module: C:/Program Files/Unity/Hub/Editor/2022.3.43f1/Editor/Data/PlaybackEngines/AndroidPlayer/UnityEditor.Android.Extensions.dll
Register platform support module: C:/Program Files/Unity/Hub/Editor/2022.3.43f1/Editor/Data/PlaybackEngines/WindowsStandaloneSupport/UnityEditor.WindowsStandalone.Extensions.dll
Registered in 0.027218 seconds.
- Loaded All Assemblies, in  0.652 seconds
Native extension for WindowsStandalone target not found
Native extension for Android target not found
Android Extension - Scanning For ADB Devices 342 ms
Native extension for WebGL target not found
Mono: successfully reloaded assembly
- Finished resetting the current domain, in  0.892 seconds
Domain Reload Profiling: 1542ms
	BeginReloadAssembly (172ms)
		ExecutionOrderSort (0ms)
		DisableScriptedObjects (0ms)
		BackupInstance (0ms)
		ReleaseScriptingObjects (0ms)
		CreateAndSetChildDomain (1ms)
	RebuildCommonClasses (54ms)
	RebuildNativeTypeToScriptingClass (14ms)
	initialDomainReloadingComplete (113ms)
	LoadAllAssembliesAndSetupDomain (297ms)
		LoadAssemblies (170ms)
		RebuildTransferFunctionScriptingTraits (0ms)
		AnalyzeDomain (294ms)
			TypeCache.Refresh (292ms)
				TypeCache.ScanAssembly (255ms)
			ScanForSourceGeneratedMonoScriptInfo (0ms)
			ResolveRequiredComponents (1ms)
	FinalizeReload (892ms)
		ReleaseScriptCaches (0ms)
		RebuildScriptCaches (0ms)
		SetupLoadedEditorAssemblies (804ms)
			LogAssemblyErrors (0ms)
			InitializePlatformSupportModulesInManaged (489ms)
			SetLoadedEditorAssemblies (6ms)
			RefreshPlugins (0ms)
			BeforeProcessingInitializeOnLoad (4ms)
			ProcessInitializeOnLoadAttributes (216ms)
			ProcessInitializeOnLoadMethodAttributes (89ms)
			AfterProcessingInitializeOnLoad (0ms)
			EditorAssembliesLoaded (0ms)
		ExecutionOrderSort2 (0ms)
		AwakeInstancesAfterBackupRestoration (0ms)
========================================================================
Worker process is ready to serve import requests
Caller must complete domain reload
Begin MonoManager ReloadAssembly
- Loaded All Assemblies, in  1.103 seconds
Native extension for WindowsStandalone target not found
Native extension for Android target not found
Native extension for WebGL target not found
Package Manager log level set to [2]
[Package Manager] Server::EnsureServerProcessIsRunning -- launch failed, reason: Unity was launched with the -noUpm command-line argument
[Package Manager] UpmClient::Send -- Unable to send message (not connected to UPM process).
[Package Manager] Cannot connect to Unity Package Manager local server
Mono: successfully reloaded assembly
- Finished resetting the current domain, in  1.148 seconds
Domain Reload Profiling: 2249ms
	BeginReloadAssembly (273ms)
		ExecutionOrderSort (0ms)
		DisableScriptedObjects (12ms)
		BackupInstance (0ms)
		ReleaseScriptingObjects (0ms)
		CreateAndSetChildDomain (33ms)
	RebuildCommonClasses (88ms)
	RebuildNativeTypeToScriptingClass (13ms)
	initialDomainReloadingComplete (86ms)
	LoadAllAssembliesAndSetupDomain (640ms)
		LoadAssemblies (488ms)
		RebuildTransferFunctionScriptingTraits (0ms)
		AnalyzeDomain (321ms)
			TypeCache.Refresh (278ms)
				TypeCache.ScanAssembly (241ms)
			ScanForSourceGeneratedMonoScriptInfo (18ms)
			ResolveRequiredComponents (24ms)
	FinalizeReload (1149ms)
		ReleaseScriptCaches (0ms)
		RebuildScriptCaches (0ms)
		SetupLoadedEditorAssemblies (879ms)
			LogAssemblyErrors (0ms)
			InitializePlatformSupportModulesInManaged (34ms)
			SetLoadedEditorAssemblies (22ms)
			RefreshPlugins (0ms)
			BeforeProcessingInitializeOnLoad (105ms)
			ProcessInitializeOnLoadAttributes (670ms)
			ProcessInitializeOnLoadMethodAttributes (40ms)
			AfterProcessingInitializeOnLoad (8ms)
			EditorAssembliesLoaded (0ms)
		ExecutionOrderSort2 (0ms)
		AwakeInstancesAfterBackupRestoration (9ms)
Launched and connected shader compiler UnityShaderCompiler.exe after 0.06 seconds
Refreshing native plugins compatible for Editor in 1.67 ms, found 3 plugins.
Preloading 0 native plugins for Editor in 0.00 ms.
Unloading 3089 Unused Serialized files (Serialized files now loaded: 0)
Unloading 19 unused Assets / (54.9 KB). Loaded Objects now: 3557.
Memory consumption went from 119.4 MB to 119.3 MB.
Total: 2.133500 ms (FindLiveObjects: 0.164400 ms CreateObjectMapping: 0.074000 ms MarkObjects: 1.820900 ms  DeleteObjects: 0.073400 ms)

AssetImportParameters requested are different than current active one (requested -> active):
  custom:container-demuxer-ogg: 62fdf1f143b41e24485cea50d1cbac27 -> 
  custom:video-decoder-ogg-theora: a1e56fd34408186e4bbccfd4996cb3dc -> 
  custom:framework-win-MediaFoundation: 216162199b28c13a410421893ffa2e32 -> 
  custom:CustomObjectIndexerAttribute: 9a22284fe3817be447336de3de66b15e -> 
  custom:container-demuxer-webm: 4f35f7cbe854078d1ac9338744f61a02 -> 
  custom:container-muxer-webm: aa71ff27fc2769a1b78a27578f13a17b -> 
  custom:video-decoder-webm-vp8: 9c59270c3fd7afecdb556c50c9e8de78 -> 
  custom:SearchIndexIgnoredProperties: e643bd26f0fe6173181afceb89e7c659 -> 
  custom:AudioImporter_EditorPlatform: d09bf68614088b80899f8185d706f6e7 -> 
  custom:video-encoder-webm-vp8: eb34c28f22e8b96e1ab97ce403110664 -> 
  custom:audio-decoder-ogg-vorbis: bf7c407c2cedff20999df2af8eb42d56 -> 
  custom:audio-encoder-webm-vorbis: bf7c407c2cedff20999df2af8eb42d56 -> 
========================================================================
Received Import Request.
  Time since last request: 9678.518377 seconds.
  path: Assets/_Udemy Online Game Assets/Audio/SFX/player death.wav
  artifactKey: Guid(ff243825eea113f4e82855b3d1ca18ba) Importer(2089858483,0ecaa5967403d082aa24f35e1b516d23)
Start importing Assets/_Udemy Online Game Assets/Audio/SFX/player death.wav using Guid(ff243825eea113f4e82855b3d1ca18ba) Importer(2089858483,0ecaa5967403d082aa24f35e1b516d23) [PhysX] Initialized MultithreadedTaskDispatcher with 20 workers.
 -> (artifact id: 'f82e9c85b260d8faf357f4eeba7a8aa1') in 0.151549 seconds
Number of updated asset objects reloaded before import = 0
Number of asset objects unloaded after import = 1
========================================================================
Received Import Request.
  Time since last request: 0.001122 seconds.
  path: Assets/_Udemy Online Game Assets/Models/Future City/energy.mat
  artifactKey: Guid(b7bb06396b864824587987b44624a0a3) Importer(2089858483,0ecaa5967403d082aa24f35e1b516d23)
Start importing Assets/_Udemy Online Game Assets/Models/Future City/energy.mat using Guid(b7bb06396b864824587987b44624a0a3) Importer(2089858483,0ecaa5967403d082aa24f35e1b516d23) [PhysX] Initialized MultithreadedTaskDispatcher with 20 workers.
 -> (artifact id: 'bb36f912e257239a780d408999ae688b') in 0.034509 seconds
Number of updated asset objects reloaded before import = 0
Number of asset objects unloaded after import = 1
========================================================================
Received Import Request.
  Time since last request: 0.001285 seconds.
  path: Assets/_Udemy Online Game Assets/Models/Kenney Blaster Kit/License.txt
  artifactKey: Guid(3264bb6077951fd4ba785eef9582bf01) Importer(2089858483,0ecaa5967403d082aa24f35e1b516d23)
Start importing Assets/_Udemy Online Game Assets/Models/Kenney Blaster Kit/License.txt using Guid(3264bb6077951fd4ba785eef9582bf01) Importer(2089858483,0ecaa5967403d082aa24f35e1b516d23) [PhysX] Initialized MultithreadedTaskDispatcher with 20 workers.
 -> (artifact id: '6f5bfac333df9ac215f1c43f5af8e5d8') in 0.009197 seconds
Number of updated asset objects reloaded before import = 0
Number of asset objects unloaded after import = 1
========================================================================
Received Import Request.
  Time since last request: 0.000020 seconds.
  path: Assets/_Udemy Online Game Assets/Models/Kenney Blaster Kit/Materials/purple.mat
  artifactKey: Guid(7d23508f2acd60243b14b2d4ad48712a) Importer(2089858483,0ecaa5967403d082aa24f35e1b516d23)
Start importing Assets/_Udemy Online Game Assets/Models/Kenney Blaster Kit/Materials/purple.mat using Guid(7d23508f2acd60243b14b2d4ad48712a) Importer(2089858483,0ecaa5967403d082aa24f35e1b516d23) [PhysX] Initialized MultithreadedTaskDispatcher with 20 workers.
 -> (artifact id: '395a69923aeeea5f739cec9b6d83cb97') in 0.013145 seconds
Number of updated asset objects reloaded before import = 0
Number of asset objects unloaded after import = 1
========================================================================
Received Import Request.
  Time since last request: 0.000023 seconds.
  path: Assets/_Udemy Online Game Assets/Models/Kenney Animated Character 2/Skins/survivorFemaleA.mat
  artifactKey: Guid(7222213491895fe43ad8d5232c3b4b53) Importer(2089858483,0ecaa5967403d082aa24f35e1b516d23)
Start importing Assets/_Udemy Online Game Assets/Models/Kenney Animated Character 2/Skins/survivorFemaleA.mat using Guid(7222213491895fe43ad8d5232c3b4b53) Importer(2089858483,0ecaa5967403d082aa24f35e1b516d23) [PhysX] Initialized MultithreadedTaskDispatcher with 20 workers.
 -> (artifact id: 'f354429a0043e167a3af1fdf0f85eb77') in 0.022596 seconds
Number of updated asset objects reloaded before import = 0
Number of asset objects unloaded after import = 2
========================================================================
Received Import Request.
  Time since last request: 0.000021 seconds.
  path: Assets/_Udemy Online Game Assets/Audio/SFX/footstep fast.wav
  artifactKey: Guid(ac30a2276257d3246a10dadee5445c4a) Importer(2089858483,0ecaa5967403d082aa24f35e1b516d23)
Start importing Assets/_Udemy Online Game Assets/Audio/SFX/footstep fast.wav using Guid(ac30a2276257d3246a10dadee5445c4a) Importer(2089858483,0ecaa5967403d082aa24f35e1b516d23) [PhysX] Initialized MultithreadedTaskDispatcher with 20 workers.
 -> (artifact id: 'b2b2ec10dd1f97032c5fae6c69f18755') in 0.038156 seconds
Number of updated asset objects reloaded before import = 0
Number of asset objects unloaded after import = 1
========================================================================
Received Import Request.
  Time since last request: 0.000151 seconds.
  path: Assets/_Udemy Online Game Assets/Models/Kenney Blaster Kit/Materials/green.mat
  artifactKey: Guid(d26fe508ce3f691498442d0a4a09cfbd) Importer(2089858483,0ecaa5967403d082aa24f35e1b516d23)
Start importing Assets/_Udemy Online Game Assets/Models/Kenney Blaster Kit/Materials/green.mat using Guid(d26fe508ce3f691498442d0a4a09cfbd) Importer(2089858483,0ecaa5967403d082aa24f35e1b516d23) [PhysX] Initialized MultithreadedTaskDispatcher with 20 workers.
 -> (artifact id: '19f3d359a5a5629b5e6bcf5cd873e27c') in 0.014544 seconds
Number of updated asset objects reloaded before import = 0
Number of asset objects unloaded after import = 1
========================================================================
Received Import Request.
  Time since last request: 0.000019 seconds.
  path: Assets/_Udemy Online Game Assets/Models/Kenney Blaster Kit/Materials/yellow.mat
  artifactKey: Guid(19de5196484b27c4b9ac202a3b54e713) Importer(2089858483,0ecaa5967403d082aa24f35e1b516d23)
Start importing Assets/_Udemy Online Game Assets/Models/Kenney Blaster Kit/Materials/yellow.mat using Guid(19de5196484b27c4b9ac202a3b54e713) Importer(2089858483,0ecaa5967403d082aa24f35e1b516d23) [PhysX] Initialized MultithreadedTaskDispatcher with 20 workers.
 -> (artifact id: 'bfa4b681712c1eb78ca14232884f8573') in 0.013650 seconds
Number of updated asset objects reloaded before import = 0
Number of asset objects unloaded after import = 1
========================================================================
Received Import Request.
  Time since last request: 0.000020 seconds.
  path: Assets/_Udemy Online Game Assets/Models/Future City/lights.mat
  artifactKey: Guid(85b9ab15660ada7478e7a6cdfc015529) Importer(2089858483,0ecaa5967403d082aa24f35e1b516d23)
Start importing Assets/_Udemy Online Game Assets/Models/Future City/lights.mat using Guid(85b9ab15660ada7478e7a6cdfc015529) Importer(2089858483,0ecaa5967403d082aa24f35e1b516d23) [PhysX] Initialized MultithreadedTaskDispatcher with 20 workers.
 -> (artifact id: '4a77ce190f687386370097fe3c0246c1') in 0.011841 seconds
Number of updated asset objects reloaded before import = 0
Number of asset objects unloaded after import = 1
========================================================================
Received Import Request.
  Time since last request: 0.000020 seconds.
  path: Assets/_Udemy Online Game Assets/Audio/SFX/shot (rifle).wav
  artifactKey: Guid(d4fe29e6375ac07408e35ab5f94409ca) Importer(2089858483,0ecaa5967403d082aa24f35e1b516d23)
Start importing Assets/_Udemy Online Game Assets/Audio/SFX/shot (rifle).wav using Guid(d4fe29e6375ac07408e35ab5f94409ca) Importer(2089858483,0ecaa5967403d082aa24f35e1b516d23) [PhysX] Initialized MultithreadedTaskDispatcher with 20 workers.
 -> (artifact id: 'aae6386d4cb78216a3290f748462a393') in 0.036931 seconds
Number of updated asset objects reloaded before import = 0
Number of asset objects unloaded after import = 1
========================================================================
Received Import Request.
  Time since last request: 0.000271 seconds.
  path: Assets/_Udemy Online Game Assets/Models/Kenney Blaster Kit/blasterM.fbx
  artifactKey: Guid(67683efccd073a64cb7ef85abcb5f096) Importer(2089858483,0ecaa5967403d082aa24f35e1b516d23)
Start importing Assets/_Udemy Online Game Assets/Models/Kenney Blaster Kit/blasterM.fbx using Guid(67683efccd073a64cb7ef85abcb5f096) Importer(2089858483,0ecaa5967403d082aa24f35e1b516d23) [PhysX] Initialized MultithreadedTaskDispatcher with 20 workers.
 -> (artifact id: '743f8f9dc41418899899ae6ae819b864') in 0.071185 seconds
Number of updated asset objects reloaded before import = 0
Number of asset objects unloaded after import = 7
========================================================================
Received Import Request.
  Time since last request: 0.000128 seconds.
  path: Assets/_Udemy Online Game Assets/Models/Kenney Blaster Kit/blasterJ.fbx
  artifactKey: Guid(61c095f8de2b11b4798dde7045d509c8) Importer(2089858483,0ecaa5967403d082aa24f35e1b516d23)
Start importing Assets/_Udemy Online Game Assets/Models/Kenney Blaster Kit/blasterJ.fbx using Guid(61c095f8de2b11b4798dde7045d509c8) Importer(2089858483,0ecaa5967403d082aa24f35e1b516d23) [PhysX] Initialized MultithreadedTaskDispatcher with 20 workers.
 -> (artifact id: 'bf7da4eb38539624c243dbe862537a52') in 0.027530 seconds
Number of updated asset objects reloaded before import = 0
Number of asset objects unloaded after import = 7
========================================================================
Received Import Request.
  Time since last request: 0.000018 seconds.
  path: Assets/_Udemy Online Game Assets/Models/Kenney Animated Character 2/Skins/cyborgFemaleA.mat
  artifactKey: Guid(41928b1c3f87fb74ab84785adb8b26b4) Importer(2089858483,0ecaa5967403d082aa24f35e1b516d23)
Start importing Assets/_Udemy Online Game Assets/Models/Kenney Animated Character 2/Skins/cyborgFemaleA.mat using Guid(41928b1c3f87fb74ab84785adb8b26b4) Importer(2089858483,0ecaa5967403d082aa24f35e1b516d23) [PhysX] Initialized MultithreadedTaskDispatcher with 20 workers.
 -> (artifact id: 'a6972cf808ca1664ff906ae75500d84d') in 0.011012 seconds
Number of updated asset objects reloaded before import = 0
Number of asset objects unloaded after import = 2
========================================================================
Received Import Request.
  Time since last request: 0.000021 seconds.
  path: Assets/_Udemy Online Game Assets/Audio/SFX/footstep slow.wav
  artifactKey: Guid(617e1c8612e8f1b4fb9b26665d1fab99) Importer(2089858483,0ecaa5967403d082aa24f35e1b516d23)
Start importing Assets/_Udemy Online Game Assets/Audio/SFX/footstep slow.wav using Guid(617e1c8612e8f1b4fb9b26665d1fab99) Importer(2089858483,0ecaa5967403d082aa24f35e1b516d23) [PhysX] Initialized MultithreadedTaskDispatcher with 20 workers.
 -> (artifact id: 'e64adc2817a92c986d3e5e2f4dd319b9') in 0.042249 seconds
Number of updated asset objects reloaded before import = 0
Number of asset objects unloaded after import = 1
========================================================================
Received Import Request.
  Time since last request: 0.000019 seconds.
  path: Assets/_Udemy Online Game Assets/Models/Kenney Blaster Kit/Materials/darkMetal.mat
  artifactKey: Guid(a9f78159ce908994f85b3ad0ca908e5e) Importer(2089858483,0ecaa5967403d082aa24f35e1b516d23)
Start importing Assets/_Udemy Online Game Assets/Models/Kenney Blaster Kit/Materials/darkMetal.mat using Guid(a9f78159ce908994f85b3ad0ca908e5e) Importer(2089858483,0ecaa5967403d082aa24f35e1b516d23) [PhysX] Initialized MultithreadedTaskDispatcher with 20 workers.
 -> (artifact id: '26eb07a6ffc038e8a8d89a3539761802') in 0.011329 seconds
Number of updated asset objects reloaded before import = 0
Number of asset objects unloaded after import = 1
========================================================================
Received Import Request.
  Time since last request: 0.000020 seconds.
  path: Assets/_Udemy Online Game Assets/Models/Kenney Animated Character 2/Skins/criminalMaleA.mat
  artifactKey: Guid(77c6cb66aedd8614a9d77ea6c7c4df49) Importer(2089858483,0ecaa5967403d082aa24f35e1b516d23)
Start importing Assets/_Udemy Online Game Assets/Models/Kenney Animated Character 2/Skins/criminalMaleA.mat using Guid(77c6cb66aedd8614a9d77ea6c7c4df49) Importer(2089858483,0ecaa5967403d082aa24f35e1b516d23) [PhysX] Initialized MultithreadedTaskDispatcher with 20 workers.
 -> (artifact id: 'ea720c122f823a4b43cc19aa6065cd31') in 0.015439 seconds
Number of updated asset objects reloaded before import = 0
Number of asset objects unloaded after import = 2
========================================================================
Received Import Request.
  Time since last request: 0.000020 seconds.
  path: Assets/_Udemy Online Game Assets/Models/Kenney Animated Character 2/Skins/Textures/zombieA.png
  artifactKey: Guid(e072af8541bb5ed4086a5c98d60c0b6a) Importer(2089858483,0ecaa5967403d082aa24f35e1b516d23)
Start importing Assets/_Udemy Online Game Assets/Models/Kenney Animated Character 2/Skins/Textures/zombieA.png using Guid(e072af8541bb5ed4086a5c98d60c0b6a) Importer(2089858483,0ecaa5967403d082aa24f35e1b516d23) [PhysX] Initialized MultithreadedTaskDispatcher with 20 workers.
 -> (artifact id: '888f1bb8f9b1ba0768a74de4c5afe162') in 0.068808 seconds
Number of updated asset objects reloaded before import = 0
Number of asset objects unloaded after import = 1
========================================================================
Received Import Request.
  Time since last request: 0.000154 seconds.
  path: Assets/_Udemy Online Game Assets/Models/Kenney Animated Character 2/Skins/zombieA.mat
  artifactKey: Guid(4baa1a7cf7fd5e54895a5459a1d0a433) Importer(2089858483,0ecaa5967403d082aa24f35e1b516d23)
Start importing Assets/_Udemy Online Game Assets/Models/Kenney Animated Character 2/Skins/zombieA.mat using Guid(4baa1a7cf7fd5e54895a5459a1d0a433) Importer(2089858483,0ecaa5967403d082aa24f35e1b516d23) [PhysX] Initialized MultithreadedTaskDispatcher with 20 workers.
 -> (artifact id: '2a52343c9ea383fdd88009fe747e9c6c') in 0.010826 seconds
Number of updated asset objects reloaded before import = 0
Number of asset objects unloaded after import = 2
========================================================================
Received Import Request.
  Time since last request: 0.000019 seconds.
  path: Assets/_Udemy Online Game Assets/Audio/SFX/impact (player).wav
  artifactKey: Guid(c73a7e5295fd1af4f9b2211ce5cd9fb2) Importer(2089858483,0ecaa5967403d082aa24f35e1b516d23)
Start importing Assets/_Udemy Online Game Assets/Audio/SFX/impact (player).wav using Guid(c73a7e5295fd1af4f9b2211ce5cd9fb2) Importer(2089858483,0ecaa5967403d082aa24f35e1b516d23) [PhysX] Initialized MultithreadedTaskDispatcher with 20 workers.
 -> (artifact id: '72d548623ee13a45ce0cc515e7dff7a5') in 0.030475 seconds
Number of updated asset objects reloaded before import = 0
Number of asset objects unloaded after import = 1
========================================================================
Received Import Request.
  Time since last request: 0.000193 seconds.
  path: Assets/_Udemy Online Game Assets/Audio/Music/Level 3.wav
  artifactKey: Guid(6546a4986ae93dc4e8c3919c94c9c926) Importer(2089858483,0ecaa5967403d082aa24f35e1b516d23)
Start importing Assets/_Udemy Online Game Assets/Audio/Music/Level 3.wav using Guid(6546a4986ae93dc4e8c3919c94c9c926) Importer(2089858483,0ecaa5967403d082aa24f35e1b516d23) [PhysX] Initialized MultithreadedTaskDispatcher with 20 workers.
 -> (artifact id: 'f2a870fe27ac8797238aeeda825e53ff') in 0.515524 seconds
Number of updated asset objects reloaded before import = 0
Number of asset objects unloaded after import = 1
